#
# There is insufficient memory for the Java Runtime Environment to continue.
# Native memory allocation (mmap) failed to map 132120576 bytes for G1 virtual space
# Possible reasons:
#   The system is out of physical RAM or swap space
#   The process is running with CompressedOops enabled, and the Java Heap may be blocking the growth of the native heap
# Possible solutions:
#   Reduce memory load on the system
#   Increase physical memory or swap space
#   Check if swap backing store is full
#   Decrease Java heap size (-Xmx/-Xms)
#   Decrease number of Java threads
#   Decrease Java thread stack sizes (-Xss)
#   Set larger code cache with -XX:ReservedCodeCacheSize=
#   JVM is running with Unscaled Compressed Oops mode in which the Java heap is
#     placed in the first 4GB address space. The Java Heap base address is the
#     maximum limit for the native heap growth. Please use -XX:HeapBaseMinAddress
#     to set the Java Heap base and to place the Java Heap above 4GB virtual address.
# This output file may be truncated or incomplete.
#
#  Out of Memory Error (os_windows.cpp:3528), pid=11988, tid=1580
#
# JRE version:  (20.0.1+9) (build )
# Java VM: Java HotSpot(TM) 64-Bit Server VM (20.0.1+9-29, mixed mode, sharing, tiered, compressed oops, compressed class ptrs, g1 gc, windows-amd64)
# No core dump will be written. Minidumps are not enabled by default on client versions of Windows
#

---------------  S U M M A R Y ------------

Command Line: -XX:+ShowCodeDetailsInExceptionMessages com.example.springapp1.TestSpring

Host: Intel(R) Core(TM) i3-8145U CPU @ 2.10GHz, 4 cores, 7G,  Windows 11 , 64 bit Build 22000 (10.0.22000.2600)
Time: Wed Dec 13 01:21:08 2023 Central Asia Standard Time elapsed time: 0.043687 seconds (0d 0h 0m 0s)

---------------  T H R E A D  ---------------

Current thread (0x00000262e8cfdff0):  JavaThread "Unknown thread" [_thread_in_vm, id=1580, stack(0x000000c7eca00000,0x000000c7ecb00000)]

Stack: [0x000000c7eca00000,0x000000c7ecb00000]
Native frames: (J=compiled Java code, j=interpreted, Vv=VM code, C=native code)
V  [jvm.dll+0x6bb95a]
V  [jvm.dll+0x8485fa]
V  [jvm.dll+0x84a1f5]
V  [jvm.dll+0x84a8f3]
V  [jvm.dll+0x280b0f]
V  [jvm.dll+0x6b86e9]
V  [jvm.dll+0x6ad2da]
V  [jvm.dll+0x35adf5]
V  [jvm.dll+0x363016]
V  [jvm.dll+0x3b3b3e]
V  [jvm.dll+0x3b3dc5]
V  [jvm.dll+0x32b50a]
V  [jvm.dll+0x32c32b]
V  [jvm.dll+0x8112bf]
V  [jvm.dll+0x3c0d91]
V  [jvm.dll+0x7fcfe3]
V  [jvm.dll+0x44c76f]
V  [jvm.dll+0x44e0e1]
C  [jli.dll+0x5287]
C  [ucrtbase.dll+0x26c0c]
C  [KERNEL32.DLL+0x153e0]
C  [ntdll.dll+0x485b]


---------------  P R O C E S S  ---------------

Threads class SMR info:
_java_thread_list=0x00007ffe12c3a098, length=0, elements={
}

Java Threads: ( => current thread )

Other Threads:
  0x00000262eae66450 WorkerThread "GC Thread#0" [stack: 0x000000c7ecb00000,0x000000c7ecc00000] [id=12344]
  0x00000262eae77080 ConcurrentGCThread "G1 Main Marker" [stack: 0x000000c7ecc00000,0x000000c7ecd00000] [id=6064]
  0x00000262eae77ab0 WorkerThread "G1 Conc#0" [stack: 0x000000c7ecd00000,0x000000c7ece00000] [id=9256]

[error occurred during error reporting (printing all threads), id 0xc0000005, EXCEPTION_ACCESS_VIOLATION (0xc0000005) at pc=0x00007ffe1241eb47]
VM state: not at safepoint (not fully initialized)

VM Mutex/Monitor currently owned by a thread:  ([mutex/lock_event])
[0x00000262e8cfb070] Heap_lock - owner thread: 0x00000262e8cfdff0

Heap address: 0x0000000082400000, size: 2012 MB, Compressed Oops mode: 32-bit

CDS archive(s) mapped at: [0x0000000000000000-0x0000000000000000-0x0000000000000000), size 0, SharedBaseAddress: 0x0000000800000000, ArchiveRelocationMode: 0.
Narrow klass base: 0x0000000000000000, Narrow klass shift: 0, Narrow klass range: 0x0

GC Precious Log:
 CardTable entry size: 512
 Card Set container configuration: InlinePtr #cards 5 size 8 Array Of Cards #cards 12 size 40 Howl #buckets 4 coarsen threshold 1843 Howl Bitmap #cards 512 size 80 coarsen threshold 460 Card regions per heap region 1 cards per card region 2048

Heap:
 garbage-first heap   total 0K, used 0K [0x0000000082400000, 0x0000000100000000)
  region size 1024K, 0 young (0K), 0 survivors (0K)

[error occurred during error reporting (printing heap information), id 0xc0000005, EXCEPTION_ACCESS_VIOLATION (0xc0000005) at pc=0x00007ffe127f3c59]
GC Heap History (0 events):
No events

Dll operation events (1 events):
Event: 0.008 Loaded shared library C:\Program Files\Java\jdk-20\bin\java.dll

Deoptimization events (0 events):
No events

Classes loaded (0 events):
No events

Classes unloaded (0 events):
No events

Classes redefined (0 events):
No events

Internal exceptions (0 events):
No events

VM Operations (0 events):
No events

Events (0 events):
No events


Dynamic libraries:
0x00007ff608ec0000 - 0x00007ff608ed0000 	C:\Program Files\Java\jdk-20\bin\java.exe
0x00007ffe51d20000 - 0x00007ffe51f29000 	C:\WINDOWS\SYSTEM32\ntdll.dll
0x00007ffe517f0000 - 0x00007ffe518ad000 	C:\WINDOWS\System32\KERNEL32.DLL
0x00007ffe4f320000 - 0x00007ffe4f6a5000 	C:\WINDOWS\System32\KERNELBASE.dll
0x00007ffe4f980000 - 0x00007ffe4fa91000 	C:\WINDOWS\System32\ucrtbase.dll
0x00007ffe474f0000 - 0x00007ffe4750b000 	C:\Program Files\Java\jdk-20\bin\VCRUNTIME140.dll
0x00007ffe474d0000 - 0x00007ffe474e9000 	C:\Program Files\Java\jdk-20\bin\jli.dll
0x00007ffe51740000 - 0x00007ffe517f0000 	C:\WINDOWS\System32\ADVAPI32.dll
0x00007ffe50760000 - 0x00007ffe50803000 	C:\WINDOWS\System32\msvcrt.dll
0x00007ffe51a20000 - 0x00007ffe51abe000 	C:\WINDOWS\System32\sechost.dll
0x00007ffe508a0000 - 0x00007ffe509c2000 	C:\WINDOWS\System32\RPCRT4.dll
0x00007ffe50ae0000 - 0x00007ffe50c8d000 	C:\WINDOWS\System32\USER32.dll
0x00007ffe36e60000 - 0x00007ffe37105000 	C:\WINDOWS\WinSxS\amd64_microsoft.windows.common-controls_6595b64144ccf1df_6.0.22000.2600_none_1b65155c6ae217ae\COMCTL32.dll
0x00007ffe4faa0000 - 0x00007ffe4fac6000 	C:\WINDOWS\System32\win32u.dll
0x00007ffe50e30000 - 0x00007ffe50e5a000 	C:\WINDOWS\System32\GDI32.dll
0x00007ffe4f770000 - 0x00007ffe4f88e000 	C:\WINDOWS\System32\gdi32full.dll
0x00007ffe4fad0000 - 0x00007ffe4fb6d000 	C:\WINDOWS\System32\msvcp_win.dll
0x00007ffe45c90000 - 0x00007ffe45c9a000 	C:\WINDOWS\SYSTEM32\VERSION.dll
0x00007ffe4fb70000 - 0x00007ffe4fba1000 	C:\WINDOWS\System32\IMM32.DLL
0x00007ffe486e0000 - 0x00007ffe486ec000 	C:\Program Files\Java\jdk-20\bin\vcruntime140_1.dll
0x00007ffe28e50000 - 0x00007ffe28ede000 	C:\Program Files\Java\jdk-20\bin\msvcp140.dll
0x00007ffe120e0000 - 0x00007ffe12d77000 	C:\Program Files\Java\jdk-20\bin\server\jvm.dll
0x00007ffe35480000 - 0x00007ffe35489000 	C:\WINDOWS\SYSTEM32\WSOCK32.dll
0x00007ffe46d10000 - 0x00007ffe46d43000 	C:\WINDOWS\SYSTEM32\WINMM.dll
0x00007ffe519b0000 - 0x00007ffe51a1f000 	C:\WINDOWS\System32\WS2_32.dll
0x00007ffe4e1f0000 - 0x00007ffe4e208000 	C:\WINDOWS\SYSTEM32\kernel.appcore.dll
0x00007ffe480b0000 - 0x00007ffe480ba000 	C:\Program Files\Java\jdk-20\bin\jimage.dll
0x00007ffe494c0000 - 0x00007ffe496e1000 	C:\WINDOWS\SYSTEM32\DBGHELP.DLL
0x00007ffe37850000 - 0x00007ffe37881000 	C:\WINDOWS\SYSTEM32\dbgcore.DLL
0x00007ffe4f900000 - 0x00007ffe4f97f000 	C:\WINDOWS\System32\bcryptPrimitives.dll
0x00007ffe3b790000 - 0x00007ffe3b7b6000 	C:\Program Files\Java\jdk-20\bin\java.dll

dbghelp: loaded successfully - version: 4.0.5 - missing functions: none
symbol engine: initialized successfully - sym options: 0x614 - pdb path: .;C:\Program Files\Java\jdk-20\bin;C:\WINDOWS\SYSTEM32;C:\WINDOWS\WinSxS\amd64_microsoft.windows.common-controls_6595b64144ccf1df_6.0.22000.2600_none_1b65155c6ae217ae;C:\Program Files\Java\jdk-20\bin\server

VM Arguments:
jvm_args: -XX:+ShowCodeDetailsInExceptionMessages 
java_command: com.example.springapp1.TestSpring
java_class_path (initial): D:\java_projects\learning-spring\springapp1\target\classes;C:\Users\Nurlis\.m2\repository\org\springframework\boot\spring-boot-starter\3.2.0\spring-boot-starter-3.2.0.jar;C:\Users\Nurlis\.m2\repository\org\springframework\boot\spring-boot\3.2.0\spring-boot-3.2.0.jar;C:\Users\Nurlis\.m2\repository\org\springframework\boot\spring-boot-autoconfigure\3.2.0\spring-boot-autoconfigure-3.2.0.jar;C:\Users\Nurlis\.m2\repository\org\springframework\boot\spring-boot-starter-logging\3.2.0\spring-boot-starter-logging-3.2.0.jar;C:\Users\Nurlis\.m2\repository\ch\qos\logback\logback-classic\1.4.11\logback-classic-1.4.11.jar;C:\Users\Nurlis\.m2\repository\ch\qos\logback\logback-core\1.4.11\logback-core-1.4.11.jar;C:\Users\Nurlis\.m2\repository\org\apache\logging\log4j\log4j-to-slf4j\2.21.1\log4j-to-slf4j-2.21.1.jar;C:\Users\Nurlis\.m2\repository\org\apache\logging\log4j\log4j-api\2.21.1\log4j-api-2.21.1.jar;C:\Users\Nurlis\.m2\repository\org\slf4j\jul-to-slf4j\2.0.9\jul-to-slf4j-2.0.9.jar;C:\Users\Nurlis\.m2\repository\jakarta\annotation\jakarta.annotation-api\2.1.1\jakarta.annotation-api-2.1.1.jar;C:\Users\Nurlis\.m2\repository\org\yaml\snakeyaml\2.2\snakeyaml-2.2.jar;C:\Users\Nurlis\.m2\repository\org\slf4j\slf4j-api\2.0.9\slf4j-api-2.0.9.jar;C:\Users\Nurlis\.m2\repository\org\springframework\spring-core\6.1.1\spring-core-6.1.1.jar;C:\Users\Nurlis\.m2\repository\org\springframework\spring-jcl\6.1.1\spring-jcl-6.1.1.jar;C:\Users\Nurlis\.m2\repository\org\springframework\spring-beans\6.1.1\spring-beans-6.1.1.jar;C:\Users\Nurlis\.m2\repository\org\springframework\spring-context\6.1.1\spring-context-6.1.1.jar;C:\Users\Nurlis\.m2\repository\org\springframework\spring-aop\6.1.1\spring-aop-6.1.1.jar;C:\Users\Nurlis\.m2\repository\org\springframework\spring-expression\6.1.1\spring-expression-6.1.1.jar;C:\Users\Nurlis\.m2\repository\io\micrometer\micrometer-observation\1.12.0\micrometer-observation-1.12.0.jar;C:\Users\Nurlis\.m2\repository\io\micrometer\micrometer-commons\1.12.0\micrometer-commons-1.12.0.jar
Launcher Type: SUN_STANDARD

[Global flags]
     intx CICompilerCount                          = 3                                         {product} {ergonomic}
     uint ConcGCThreads                            = 1                                         {product} {ergonomic}
     uint G1ConcRefinementThreads                  = 4                                         {product} {ergonomic}
   size_t G1HeapRegionSize                         = 1048576                                   {product} {ergonomic}
    uintx GCDrainStackTargetSize                   = 64                                        {product} {ergonomic}
   size_t InitialHeapSize                          = 132120576                                 {product} {ergonomic}
   size_t MarkStackSize                            = 4194304                                   {product} {ergonomic}
   size_t MaxHeapSize                              = 2109734912                                {product} {ergonomic}
   size_t MinHeapDeltaBytes                        = 1048576                                   {product} {ergonomic}
   size_t MinHeapSize                              = 8388608                                   {product} {ergonomic}
    uintx NonNMethodCodeHeapSize                   = 5832780                                {pd product} {ergonomic}
    uintx NonProfiledCodeHeapSize                  = 122912730                              {pd product} {ergonomic}
    uintx ProfiledCodeHeapSize                     = 122912730                              {pd product} {ergonomic}
    uintx ReservedCodeCacheSize                    = 251658240                              {pd product} {ergonomic}
     bool SegmentedCodeCache                       = true                                      {product} {ergonomic}
     bool ShowCodeDetailsInExceptionMessages       = true                                   {manageable} {command line}
   size_t SoftMaxHeapSize                          = 2109734912                             {manageable} {ergonomic}
     bool UseCompressedClassPointers               = true                           {product lp64_product} {ergonomic}
     bool UseCompressedOops                        = true                           {product lp64_product} {ergonomic}
     bool UseG1GC                                  = true                                      {product} {ergonomic}
     bool UseLargePagesIndividualAllocation        = false                                  {pd product} {ergonomic}

Logging:
Log output configuration:
 #0: stdout all=warning uptime,level,tags foldmultilines=false
 #1: stderr all=off uptime,level,tags foldmultilines=false

Environment Variables:
JAVA_HOME=C:\Program Files\Java\jdk-20
PATH=C:\Program Files\Common Files\Oracle\Java\javapath;C:\WINDOWS\system32;C:\WINDOWS;C:\WINDOWS\System32\Wbem;C:\WINDOWS\System32\WindowsPowerShell\v1.0\;C:\WINDOWS\System32\OpenSSH\;C:\Program Files (x86)\Microsoft SQL Server\160\Tools\Binn\;C:\Program Files\Microsoft SQL Server\160\Tools\Binn\;C:\Program Files\Microsoft SQL Server\Client SDK\ODBC\170\Tools\Binn\;C:\Program Files\Microsoft SQL Server\160\DTS\Binn\;C:\Program Files (x86)\Microsoft SQL Server\160\DTS\Binn\;C:\Program Files\Git\cmd;C:\Program Files\Microsoft SQL Server\150\Tools\Binn\;C:\Program Files\dotnet\;C:\Program Files (x86)\Rational\common;C:\Program Files\Docker\Docker\resources\bin;C:\Program Files (x86)\Gradle\gradle-8.4\bin;C:\Program Files (x86)\apache-maven-3.9.5\bin;C:\Program Files\Java\jdk-20\bin;%JAVA_HOME%\bin;C:\Users\Nurlis\AppData\Local\Programs\Python\Python39\Scripts\;C:\Users\Nurlis\AppData\Local\Programs\Python\Python39\;C:\Users\Nurlis\AppData\Local\Programs\Python\Python312\Scripts\;C:\Users\Nurlis\AppData\Local\Programs\Python\Python312\;C:\Users\Nurlis\AppData\Local\Programs\Python\Launcher\;C:\Users\Nurlis\AppData\Local\Microsoft\WindowsApps;C:\Program Files\Azure Data Studio\bin;C:\Users\Nurlis\AppData\Local\Programs\Microsoft VS Code\bin;C:\Users\Nurlis\.dotnet\tools;C:\Users\Nurlis\AppData\Roaming\Python\Python312\Scripts;C:\Program Files\Docker\Docker\resources\bin;
USERNAME=Nurlis
LANG=en_US.UTF-8
OS=Windows_NT
PROCESSOR_IDENTIFIER=Intel64 Family 6 Model 142 Stepping 12, GenuineIntel
TMP=C:\Users\Nurlis\AppData\Local\Temp
TEMP=C:\Users\Nurlis\AppData\Local\Temp




---------------  S Y S T E M  ---------------

OS:
 Windows 11 , 64 bit Build 22000 (10.0.22000.2600)
OS uptime: 16 days 8:28 hours
Hyper-V role detected

CPU: total 4 (initial active 4) (2 cores per cpu, 2 threads per core) family 6 model 142 stepping 12 microcode 0xde, cx8, cmov, fxsr, ht, mmx, 3dnowpref, sse, sse2, sse3, ssse3, sse4.1, sse4.2, popcnt, lzcnt, tsc, tscinvbit, avx, avx2, aes, erms, clmul, bmi1, bmi2, adx, fma, vzeroupper, clflush, clflushopt, hv, rdtscp, f16c

Memory: 4k page, system-wide physical 8040M (747M free)
TotalPageFile size 22907M (AvailPageFile size 126M)
current process WorkingSet (physical memory assigned to process): 10M, peak: 10M
current process commit charge ("private bytes"): 52M, peak: 177M

vm_info: Java HotSpot(TM) 64-Bit Server VM (20.0.1+9-29) for windows-amd64 JRE (20.0.1+9-29), built on 2023-03-07T13:56:11Z by "mach5one" with MS VC++ 17.1 (VS2022)

END.
